<?xml version="1.0" encoding="UTF-8"?>
<TestRun id="cc150f4c-5f19-41f6-bb53-a75d6ce11405" name="305024278@305024278-PC 2012-01-16 15:36:46" runUser="305024278-PC\305024278" xmlns="http://microsoft.com/schemas/VisualStudio/TeamTest/2010">
  <TestSettings name="Local" id="f71d3d1c-fcb9-4cb8-bd16-ef1b721fb9d0">
    <Description>These are default test settings for a local test run.</Description>
    <Deployment enabled="false" runDeploymentRoot="305024278_305024278-PC 2012-01-16 15_36_46">
      <DeploymentItem filename="D:\GitRepositories\MyStory\MyStory\bin\MyStory.dll" />
      <DeploymentItem filename="D:\GitRepositories\MyStory\packages\EntityFramework.4.2.0.0\lib\net40\EntityFramework.dll" />
    </Deployment>
    <Execution>
      <TestTypeSpecific />
      <AgentRule name="Execution Agents">
      </AgentRule>
    </Execution>
  </TestSettings>
  <Times creation="2012-01-16T15:36:46.3556472+09:00" queuing="2012-01-16T15:36:47.2817002+09:00" start="2012-01-16T15:36:47.3457039+09:00" finish="2012-01-16T15:36:52.6040046+09:00" />
  <ResultSummary outcome="Completed">
    <Counters total="1" executed="1" passed="1" error="0" failed="0" timeout="0" aborted="0" inconclusive="0" passedButRunAborted="0" notRunnable="0" notExecuted="0" disconnected="0" warning="0" completed="0" inProgress="0" pending="0" />
  </ResultSummary>
  <TestDefinitions>
    <UnitTest name="TestMethod1" storage="d:\gitrepositories\mystory\mystory.tests\bin\debug\mystory.tests.dll" id="51fd3b83-b9be-d2ea-12af-6d2540f30a4d">
      <Execution id="d9f0c8db-9b68-4a47-9186-208ed39b194b" />
      <TestMethod codeBase="D:/GitRepositories/MyStory/MyStory.Tests/bin/Debug/MyStory.Tests.DLL" adapterTypeName="Microsoft.VisualStudio.TestTools.TestTypes.Unit.UnitTestAdapter, Microsoft.VisualStudio.QualityTools.Tips.UnitTest.Adapter, Version=10.0.0.0, Culture=neutral, PublicKeyToken=b03f5f7f11d50a3a" className="MyStory.Tests.UnitTests.Models.DomainMappingTest, MyStory.Tests, Version=1.0.0.0, Culture=neutral, PublicKeyToken=null" name="TestMethod1" />
    </UnitTest>
  </TestDefinitions>
  <TestLists>
    <TestList name="Results Not in a List" id="8c84fa94-04c1-424b-9868-57a2d4851a1d" />
    <TestList name="All Loaded Results" id="19431567-8539-422a-85d7-44ee4e166bda" />
  </TestLists>
  <TestEntries>
    <TestEntry testId="51fd3b83-b9be-d2ea-12af-6d2540f30a4d" executionId="d9f0c8db-9b68-4a47-9186-208ed39b194b" testListId="8c84fa94-04c1-424b-9868-57a2d4851a1d" />
  </TestEntries>
  <Results>
    <UnitTestResult executionId="d9f0c8db-9b68-4a47-9186-208ed39b194b" testId="51fd3b83-b9be-d2ea-12af-6d2540f30a4d" testName="TestMethod1" computerName="305024278-PC" duration="00:00:02.1922315" startTime="2012-01-16T15:36:47.3937066+09:00" endTime="2012-01-16T15:36:51.0009129+09:00" testType="13cdc9d9-ddb5-4fa4-a97d-d965ccfc6d4b" outcome="Passed" testListId="8c84fa94-04c1-424b-9868-57a2d4851a1d" relativeResultsDirectory="d9f0c8db-9b68-4a47-9186-208ed39b194b">
    </UnitTestResult>
  </Results>
</TestRun>