<?xml version="1.0" encoding="UTF-8"?>
<TestRun id="95d003f9-06f7-4840-805b-88c98b251e38" name="305024278@305024278-PC 2012-01-20 17:43:43" runUser="305024278-PC\305024278" xmlns="http://microsoft.com/schemas/VisualStudio/TeamTest/2010">
  <TestSettings name="Local" id="f71d3d1c-fcb9-4cb8-bd16-ef1b721fb9d0">
    <Description>These are default test settings for a local test run.</Description>
    <Deployment enabled="false" runDeploymentRoot="305024278_305024278-PC 2012-01-20 17_43_43">
      <DeploymentItem filename="D:\GitRepositories\MyStory\packages\WebActivator.1.0.0.0\lib\WebActivator.dll" />
      <DeploymentItem filename="D:\GitRepositories\MyStory\packages\elmah.corelibrary.1.2\lib\Elmah.dll" />
      <DeploymentItem filename="D:\GitRepositories\MyStory\packages\EntityFramework.SqlServerCompact.4.1.8482.2\lib\System.Data.SqlServerCe.Entity.dll" />
      <DeploymentItem filename="D:\GitRepositories\MyStory\packages\EntityFramework.4.2.0.0\lib\net40\EntityFramework.dll" />
      <DeploymentItem filename="D:\GitRepositories\MyStory\packages\AutoMapper.1.1.0.118\lib\AutoMapper.dll" />
      <DeploymentItem filename="D:\GitRepositories\MyStory\MyStory\bin\MyStory.dll" />
      <DeploymentItem filename="D:\GitRepositories\MyStory\packages\SqlServerCompact.4.0.8482.1\lib\System.Data.SqlServerCe.dll" />
      <DeploymentItem filename="D:\GitRepositories\MyStory\packages\Moq.4.0.10827\lib\NET40\Moq.dll" />
    </Deployment>
    <Execution>
      <TestTypeSpecific />
      <AgentRule name="Execution Agents">
      </AgentRule>
    </Execution>
  </TestSettings>
  <Times creation="2012-01-20T17:43:43.4295083+09:00" queuing="2012-01-20T17:43:43.4715107+09:00" start="2012-01-20T17:43:43.4815112+09:00" finish="2012-01-20T17:43:45.8016439+09:00" />
  <ResultSummary outcome="Completed">
    <Counters total="7" executed="7" passed="7" error="0" failed="0" timeout="0" aborted="0" inconclusive="0" passedButRunAborted="0" notRunnable="0" notExecuted="0" disconnected="0" warning="0" completed="0" inProgress="0" pending="0" />
  </ResultSummary>
  <TestDefinitions>
    <UnitTest name="test_should_add_blog" storage="d:\gitrepositories\mystory\mystory.tests\bin\debug\mystory.tests.dll" id="127a9b4e-32cc-7d8a-f412-16f3e7e49e17">
      <Execution id="60b5ad5e-d028-465b-994c-7efbb4a2de9e" />
      <TestMethod codeBase="D:/GitRepositories/MyStory/MyStory.Tests/bin/Debug/MyStory.Tests.DLL" adapterTypeName="Microsoft.VisualStudio.TestTools.TestTypes.Unit.UnitTestAdapter, Microsoft.VisualStudio.QualityTools.Tips.UnitTest.Adapter, Version=10.0.0.0, Culture=neutral, PublicKeyToken=b03f5f7f11d50a3a" className="MyStory.Tests.IntegrationTests.Controllers.HomeControllerTest, MyStory.Tests, Version=1.0.0.0, Culture=neutral, PublicKeyToken=null" name="test_should_add_blog" />
    </UnitTest>
    <UnitTest name="edit_getmethod_should_return_postmodel" storage="d:\gitrepositories\mystory\mystory.tests\bin\debug\mystory.tests.dll" id="4e2eadea-75e7-8478-6474-94860f2c2c37">
      <Execution id="8f70078b-895b-416d-aadc-adba36491ec2" />
      <TestMethod codeBase="D:/GitRepositories/MyStory/MyStory.Tests/bin/Debug/MyStory.Tests.DLL" adapterTypeName="Microsoft.VisualStudio.TestTools.TestTypes.Unit.UnitTestAdapter, Microsoft.VisualStudio.QualityTools.Tips.UnitTest.Adapter, Version=10.0.0.0, Culture=neutral, PublicKeyToken=b03f5f7f11d50a3a" className="MyStory.Tests.IntegrationTests.Controllers.PostControllerTest, MyStory.Tests, Version=1.0.0.0, Culture=neutral, PublicKeyToken=null" name="edit_getmethod_should_return_postmodel" />
    </UnitTest>
    <UnitTest name="write_should_validate_model" storage="d:\gitrepositories\mystory\mystory.tests\bin\debug\mystory.tests.dll" id="378a00ad-90cc-dcbf-e2a3-b29f817c6ee6">
      <Execution id="25a62cb3-8026-4428-b855-49af85579d26" />
      <TestMethod codeBase="D:/GitRepositories/MyStory/MyStory.Tests/bin/Debug/MyStory.Tests.DLL" adapterTypeName="Microsoft.VisualStudio.TestTools.TestTypes.Unit.UnitTestAdapter, Microsoft.VisualStudio.QualityTools.Tips.UnitTest.Adapter, Version=10.0.0.0, Culture=neutral, PublicKeyToken=b03f5f7f11d50a3a" className="MyStory.Tests.IntegrationTests.Controllers.PostControllerTest, MyStory.Tests, Version=1.0.0.0, Culture=neutral, PublicKeyToken=null" name="write_should_validate_model" />
    </UnitTest>
    <UnitTest name="index_shoul_return_zero_account" storage="d:\gitrepositories\mystory\mystory.tests\bin\debug\mystory.tests.dll" id="7744e024-8ae1-5502-d296-ebc63bc3c3eb">
      <Execution id="76a8713c-9559-44a9-a171-0e471384cbfa" />
      <TestMethod codeBase="D:/GitRepositories/MyStory/MyStory.Tests/bin/Debug/MyStory.Tests.DLL" adapterTypeName="Microsoft.VisualStudio.TestTools.TestTypes.Unit.UnitTestAdapter, Microsoft.VisualStudio.QualityTools.Tips.UnitTest.Adapter, Version=10.0.0.0, Culture=neutral, PublicKeyToken=b03f5f7f11d50a3a" className="MyStory.Tests.IntegrationTests.Controllers.HomeControllerTest, MyStory.Tests, Version=1.0.0.0, Culture=neutral, PublicKeyToken=null" name="index_shoul_return_zero_account" />
    </UnitTest>
    <UnitTest name="edit_postmethod_should_insert_valid_model" storage="d:\gitrepositories\mystory\mystory.tests\bin\debug\mystory.tests.dll" id="bbf3689b-67e5-0e6b-5edf-ff1bdf57bd8a">
      <Execution id="15d24fc1-3072-43dd-bab7-3d7a514d64c0" />
      <TestMethod codeBase="D:/GitRepositories/MyStory/MyStory.Tests/bin/Debug/MyStory.Tests.DLL" adapterTypeName="Microsoft.VisualStudio.TestTools.TestTypes.Unit.UnitTestAdapter, Microsoft.VisualStudio.QualityTools.Tips.UnitTest.Adapter, Version=10.0.0.0, Culture=neutral, PublicKeyToken=b03f5f7f11d50a3a" className="MyStory.Tests.IntegrationTests.Controllers.PostControllerTest, MyStory.Tests, Version=1.0.0.0, Culture=neutral, PublicKeyToken=null" name="edit_postmethod_should_insert_valid_model" />
    </UnitTest>
    <UnitTest name="edit_postmethod_should_not_insert_invalid_mode" storage="d:\gitrepositories\mystory\mystory.tests\bin\debug\mystory.tests.dll" id="4f2da4f3-b633-642c-b5b8-dad92f4a3220">
      <Execution id="8e584bf0-fc79-48a7-992a-cbc55bc6d724" />
      <TestMethod codeBase="D:/GitRepositories/MyStory/MyStory.Tests/bin/Debug/MyStory.Tests.DLL" adapterTypeName="Microsoft.VisualStudio.TestTools.TestTypes.Unit.UnitTestAdapter, Microsoft.VisualStudio.QualityTools.Tips.UnitTest.Adapter, Version=10.0.0.0, Culture=neutral, PublicKeyToken=b03f5f7f11d50a3a" className="MyStory.Tests.IntegrationTests.Controllers.PostControllerTest, MyStory.Tests, Version=1.0.0.0, Culture=neutral, PublicKeyToken=null" name="edit_postmethod_should_not_insert_invalid_mode" />
    </UnitTest>
    <UnitTest name="TestMethod1" storage="d:\gitrepositories\mystory\mystory.tests\bin\debug\mystory.tests.dll" id="51fd3b83-b9be-d2ea-12af-6d2540f30a4d">
      <Execution id="7f1f8e53-8257-41b0-8841-c142fc46830f" />
      <TestMethod codeBase="D:/GitRepositories/MyStory/MyStory.Tests/bin/Debug/MyStory.Tests.DLL" adapterTypeName="Microsoft.VisualStudio.TestTools.TestTypes.Unit.UnitTestAdapter, Microsoft.VisualStudio.QualityTools.Tips.UnitTest.Adapter, Version=10.0.0.0, Culture=neutral, PublicKeyToken=b03f5f7f11d50a3a" className="MyStory.Tests.UnitTests.Models.DomainMappingTest, MyStory.Tests, Version=1.0.0.0, Culture=neutral, PublicKeyToken=null" name="TestMethod1" />
    </UnitTest>
  </TestDefinitions>
  <TestLists>
    <TestList name="Results Not in a List" id="8c84fa94-04c1-424b-9868-57a2d4851a1d" />
    <TestList name="All Loaded Results" id="19431567-8539-422a-85d7-44ee4e166bda" />
  </TestLists>
  <TestEntries>
    <TestEntry testId="127a9b4e-32cc-7d8a-f412-16f3e7e49e17" executionId="60b5ad5e-d028-465b-994c-7efbb4a2de9e" testListId="8c84fa94-04c1-424b-9868-57a2d4851a1d" />
    <TestEntry testId="378a00ad-90cc-dcbf-e2a3-b29f817c6ee6" executionId="25a62cb3-8026-4428-b855-49af85579d26" testListId="8c84fa94-04c1-424b-9868-57a2d4851a1d" />
    <TestEntry testId="4e2eadea-75e7-8478-6474-94860f2c2c37" executionId="8f70078b-895b-416d-aadc-adba36491ec2" testListId="8c84fa94-04c1-424b-9868-57a2d4851a1d" />
    <TestEntry testId="4f2da4f3-b633-642c-b5b8-dad92f4a3220" executionId="8e584bf0-fc79-48a7-992a-cbc55bc6d724" testListId="8c84fa94-04c1-424b-9868-57a2d4851a1d" />
    <TestEntry testId="51fd3b83-b9be-d2ea-12af-6d2540f30a4d" executionId="7f1f8e53-8257-41b0-8841-c142fc46830f" testListId="8c84fa94-04c1-424b-9868-57a2d4851a1d" />
    <TestEntry testId="7744e024-8ae1-5502-d296-ebc63bc3c3eb" executionId="76a8713c-9559-44a9-a171-0e471384cbfa" testListId="8c84fa94-04c1-424b-9868-57a2d4851a1d" />
    <TestEntry testId="bbf3689b-67e5-0e6b-5edf-ff1bdf57bd8a" executionId="15d24fc1-3072-43dd-bab7-3d7a514d64c0" testListId="8c84fa94-04c1-424b-9868-57a2d4851a1d" />
  </TestEntries>
  <Results>
    <UnitTestResult executionId="60b5ad5e-d028-465b-994c-7efbb4a2de9e" testId="127a9b4e-32cc-7d8a-f412-16f3e7e49e17" testName="test_should_add_blog" computerName="305024278-PC" duration="00:00:00.8198207" startTime="2012-01-20T17:43:43.4835113+09:00" endTime="2012-01-20T17:43:44.4895689+09:00" testType="13cdc9d9-ddb5-4fa4-a97d-d965ccfc6d4b" outcome="Passed" testListId="8c84fa94-04c1-424b-9868-57a2d4851a1d" relativeResultsDirectory="60b5ad5e-d028-465b-994c-7efbb4a2de9e">
    </UnitTestResult>
    <UnitTestResult executionId="25a62cb3-8026-4428-b855-49af85579d26" testId="378a00ad-90cc-dcbf-e2a3-b29f817c6ee6" testName="write_should_validate_model" computerName="305024278-PC" duration="00:00:00.5592387" startTime="2012-01-20T17:43:44.4915690+09:00" endTime="2012-01-20T17:43:45.0526011+09:00" testType="13cdc9d9-ddb5-4fa4-a97d-d965ccfc6d4b" outcome="Passed" testListId="8c84fa94-04c1-424b-9868-57a2d4851a1d" relativeResultsDirectory="25a62cb3-8026-4428-b855-49af85579d26">
    </UnitTestResult>
    <UnitTestResult executionId="8f70078b-895b-416d-aadc-adba36491ec2" testId="4e2eadea-75e7-8478-6474-94860f2c2c37" testName="edit_getmethod_should_return_postmodel" computerName="305024278-PC" duration="00:00:00.3201092" startTime="2012-01-20T17:43:45.0546012+09:00" endTime="2012-01-20T17:43:45.3776197+09:00" testType="13cdc9d9-ddb5-4fa4-a97d-d965ccfc6d4b" outcome="Passed" testListId="8c84fa94-04c1-424b-9868-57a2d4851a1d" relativeResultsDirectory="8f70078b-895b-416d-aadc-adba36491ec2">
    </UnitTestResult>
    <UnitTestResult executionId="8e584bf0-fc79-48a7-992a-cbc55bc6d724" testId="4f2da4f3-b633-642c-b5b8-dad92f4a3220" testName="edit_postmethod_should_not_insert_invalid_mode" computerName="305024278-PC" duration="00:00:00.1326950" startTime="2012-01-20T17:43:45.3796198+09:00" endTime="2012-01-20T17:43:45.5146275+09:00" testType="13cdc9d9-ddb5-4fa4-a97d-d965ccfc6d4b" outcome="Passed" testListId="8c84fa94-04c1-424b-9868-57a2d4851a1d" relativeResultsDirectory="8e584bf0-fc79-48a7-992a-cbc55bc6d724">
    </UnitTestResult>
    <UnitTestResult executionId="7f1f8e53-8257-41b0-8841-c142fc46830f" testId="51fd3b83-b9be-d2ea-12af-6d2540f30a4d" testName="TestMethod1" computerName="305024278-PC" duration="00:00:00.0003399" startTime="2012-01-20T17:43:45.5156276+09:00" endTime="2012-01-20T17:43:45.5186277+09:00" testType="13cdc9d9-ddb5-4fa4-a97d-d965ccfc6d4b" outcome="Passed" testListId="8c84fa94-04c1-424b-9868-57a2d4851a1d" relativeResultsDirectory="7f1f8e53-8257-41b0-8841-c142fc46830f">
    </UnitTestResult>
    <UnitTestResult executionId="76a8713c-9559-44a9-a171-0e471384cbfa" testId="7744e024-8ae1-5502-d296-ebc63bc3c3eb" testName="index_shoul_return_zero_account" computerName="305024278-PC" duration="00:00:00.1404146" startTime="2012-01-20T17:43:45.5196278+09:00" endTime="2012-01-20T17:43:45.6626360+09:00" testType="13cdc9d9-ddb5-4fa4-a97d-d965ccfc6d4b" outcome="Passed" testListId="8c84fa94-04c1-424b-9868-57a2d4851a1d" relativeResultsDirectory="76a8713c-9559-44a9-a171-0e471384cbfa">
    </UnitTestResult>
    <UnitTestResult executionId="15d24fc1-3072-43dd-bab7-3d7a514d64c0" testId="bbf3689b-67e5-0e6b-5edf-ff1bdf57bd8a" testName="edit_postmethod_should_insert_valid_model" computerName="305024278-PC" duration="00:00:00.1224370" startTime="2012-01-20T17:43:45.6646361+09:00" endTime="2012-01-20T17:43:45.7886432+09:00" testType="13cdc9d9-ddb5-4fa4-a97d-d965ccfc6d4b" outcome="Passed" testListId="8c84fa94-04c1-424b-9868-57a2d4851a1d" relativeResultsDirectory="15d24fc1-3072-43dd-bab7-3d7a514d64c0">
    </UnitTestResult>
  </Results>
</TestRun>