<?xml version="1.0" encoding="UTF-8"?>
<TestRun id="f9237211-0443-4214-874e-46760d3bae19" name="305024278@305024278-PC 2012-01-16 13:20:46" runUser="305024278-PC\305024278" xmlns="http://microsoft.com/schemas/VisualStudio/TeamTest/2010">
  <TestSettings name="Local" id="f71d3d1c-fcb9-4cb8-bd16-ef1b721fb9d0">
    <Description>These are default test settings for a local test run.</Description>
    <Deployment enabled="false" runDeploymentRoot="305024278_305024278-PC 2012-01-16 13_20_46" />
    <Execution>
      <TestTypeSpecific />
      <AgentRule name="Execution Agents">
      </AgentRule>
    </Execution>
  </TestSettings>
  <Times creation="2012-01-16T13:20:46.0389038+09:00" queuing="2012-01-16T13:20:47.9130110+09:00" start="2012-01-16T13:20:48.0010160+09:00" finish="2012-01-16T13:20:49.7461159+09:00" />
  <ResultSummary outcome="Completed">
    <Counters total="1" executed="1" passed="1" error="0" failed="0" timeout="0" aborted="0" inconclusive="0" passedButRunAborted="0" notRunnable="0" notExecuted="0" disconnected="0" warning="0" completed="0" inProgress="0" pending="0" />
  </ResultSummary>
  <TestDefinitions>
    <UnitTest name="TestMethod1" storage="d:\gitrepositories\mystory\mystory.tests\bin\debug\mystory.tests.dll" id="a9717831-4446-26a2-6466-0ad7956d60eb">
      <Execution id="d11f79b3-580f-41a5-b043-d07810e67086" />
      <TestMethod codeBase="D:/GitRepositories/MyStory/MyStory.Tests/bin/Debug/MyStory.Tests.DLL" adapterTypeName="Microsoft.VisualStudio.TestTools.TestTypes.Unit.UnitTestAdapter, Microsoft.VisualStudio.QualityTools.Tips.UnitTest.Adapter, Version=10.0.0.0, Culture=neutral, PublicKeyToken=b03f5f7f11d50a3a" className="MyStory.Tests.Models.AccountTest, MyStory.Tests, Version=1.0.0.0, Culture=neutral, PublicKeyToken=null" name="TestMethod1" />
    </UnitTest>
  </TestDefinitions>
  <TestLists>
    <TestList name="Results Not in a List" id="8c84fa94-04c1-424b-9868-57a2d4851a1d" />
    <TestList name="All Loaded Results" id="19431567-8539-422a-85d7-44ee4e166bda" />
  </TestLists>
  <TestEntries>
    <TestEntry testId="a9717831-4446-26a2-6466-0ad7956d60eb" executionId="d11f79b3-580f-41a5-b043-d07810e67086" testListId="8c84fa94-04c1-424b-9868-57a2d4851a1d" />
  </TestEntries>
  <Results>
    <UnitTestResult executionId="d11f79b3-580f-41a5-b043-d07810e67086" testId="a9717831-4446-26a2-6466-0ad7956d60eb" testName="TestMethod1" computerName="305024278-PC" duration="00:00:00.0097690" startTime="2012-01-16T13:20:48.1260232+09:00" endTime="2012-01-16T13:20:49.6831123+09:00" testType="13cdc9d9-ddb5-4fa4-a97d-d965ccfc6d4b" outcome="Passed" testListId="8c84fa94-04c1-424b-9868-57a2d4851a1d" relativeResultsDirectory="d11f79b3-580f-41a5-b043-d07810e67086">
    </UnitTestResult>
  </Results>
</TestRun>