<?xml version="1.0" encoding="UTF-8"?>
<TestRun id="699c3d32-6a49-4e70-9f35-fbef0e194029" name="305024278@305024278-PC 2012-01-20 14:23:33" runUser="305024278-PC\305024278" xmlns="http://microsoft.com/schemas/VisualStudio/TeamTest/2010">
  <TestSettings name="Local" id="f71d3d1c-fcb9-4cb8-bd16-ef1b721fb9d0">
    <Description>These are default test settings for a local test run.</Description>
    <Deployment enabled="false" runDeploymentRoot="305024278_305024278-PC 2012-01-20 14_23_33">
      <DeploymentItem filename="D:\GitRepositories\MyStory\packages\WebActivator.1.0.0.0\lib\WebActivator.dll" />
      <DeploymentItem filename="D:\GitRepositories\MyStory\packages\elmah.corelibrary.1.2\lib\Elmah.dll" />
      <DeploymentItem filename="D:\GitRepositories\MyStory\packages\EntityFramework.SqlServerCompact.4.1.8482.2\lib\System.Data.SqlServerCe.Entity.dll" />
      <DeploymentItem filename="D:\GitRepositories\MyStory\packages\EntityFramework.4.2.0.0\lib\net40\EntityFramework.dll" />
      <DeploymentItem filename="D:\GitRepositories\MyStory\packages\AutoMapper.1.1.0.118\lib\AutoMapper.dll" />
      <DeploymentItem filename="D:\GitRepositories\MyStory\MyStory\bin\MyStory.dll" />
      <DeploymentItem filename="D:\GitRepositories\MyStory\packages\SqlServerCompact.4.0.8482.1\lib\System.Data.SqlServerCe.dll" />
      <DeploymentItem filename="D:\GitRepositories\MyStory\packages\Moq.4.0.10827\lib\NET40\Moq.dll" />
    </Deployment>
    <Execution>
      <TestTypeSpecific />
      <AgentRule name="Execution Agents">
      </AgentRule>
    </Execution>
  </TestSettings>
  <Times creation="2012-01-20T14:23:33.8445993+09:00" queuing="2012-01-20T14:23:35.1336730+09:00" start="2012-01-20T14:23:35.1976767+09:00" finish="2012-01-20T14:23:40.1079575+09:00" />
  <ResultSummary outcome="Completed">
    <Counters total="5" executed="5" passed="5" error="0" failed="0" timeout="0" aborted="0" inconclusive="0" passedButRunAborted="0" notRunnable="0" notExecuted="0" disconnected="0" warning="0" completed="0" inProgress="0" pending="0" />
  </ResultSummary>
  <TestDefinitions>
    <UnitTest name="write_should_validate_model" storage="d:\gitrepositories\mystory\mystory.tests\bin\debug\mystory.tests.dll" id="378a00ad-90cc-dcbf-e2a3-b29f817c6ee6">
      <Execution id="4b25b426-9464-4c71-a890-caadd23b2a18" />
      <TestMethod codeBase="D:/GitRepositories/MyStory/MyStory.Tests/bin/Debug/MyStory.Tests.DLL" adapterTypeName="Microsoft.VisualStudio.TestTools.TestTypes.Unit.UnitTestAdapter, Microsoft.VisualStudio.QualityTools.Tips.UnitTest.Adapter, Version=10.0.0.0, Culture=neutral, PublicKeyToken=b03f5f7f11d50a3a" className="MyStory.Tests.IntegrationTests.Controllers.PostControllerTest, MyStory.Tests, Version=1.0.0.0, Culture=neutral, PublicKeyToken=null" name="write_should_validate_model" />
    </UnitTest>
    <UnitTest name="index_should_return_zero_posts_if_account_exist" storage="d:\gitrepositories\mystory\mystory.tests\bin\debug\mystory.tests.dll" id="a3d04c0f-32f0-752c-2a1d-ce288d6d0c63">
      <Execution id="6ae14c2d-c0c9-4af8-beb7-5061e9ed56a7" />
      <TestMethod codeBase="D:/GitRepositories/MyStory/MyStory.Tests/bin/Debug/MyStory.Tests.DLL" adapterTypeName="Microsoft.VisualStudio.TestTools.TestTypes.Unit.UnitTestAdapter, Microsoft.VisualStudio.QualityTools.Tips.UnitTest.Adapter, Version=10.0.0.0, Culture=neutral, PublicKeyToken=b03f5f7f11d50a3a" className="MyStory.Tests.IntegrationTests.Controllers.HomeControllerTest, MyStory.Tests, Version=1.0.0.0, Culture=neutral, PublicKeyToken=null" name="index_should_return_zero_posts_if_account_exist" />
    </UnitTest>
    <UnitTest name="test_should_add_blog" storage="d:\gitrepositories\mystory\mystory.tests\bin\debug\mystory.tests.dll" id="127a9b4e-32cc-7d8a-f412-16f3e7e49e17">
      <Execution id="8635eac8-93c7-4a0f-98b5-046becab4c9b" />
      <TestMethod codeBase="D:/GitRepositories/MyStory/MyStory.Tests/bin/Debug/MyStory.Tests.DLL" adapterTypeName="Microsoft.VisualStudio.TestTools.TestTypes.Unit.UnitTestAdapter, Microsoft.VisualStudio.QualityTools.Tips.UnitTest.Adapter, Version=10.0.0.0, Culture=neutral, PublicKeyToken=b03f5f7f11d50a3a" className="MyStory.Tests.IntegrationTests.Controllers.HomeControllerTest, MyStory.Tests, Version=1.0.0.0, Culture=neutral, PublicKeyToken=null" name="test_should_add_blog" />
    </UnitTest>
    <UnitTest name="TestMethod1" storage="d:\gitrepositories\mystory\mystory.tests\bin\debug\mystory.tests.dll" id="51fd3b83-b9be-d2ea-12af-6d2540f30a4d">
      <Execution id="90a68ae5-876f-497d-87a7-597369e20db8" />
      <TestMethod codeBase="D:/GitRepositories/MyStory/MyStory.Tests/bin/Debug/MyStory.Tests.DLL" adapterTypeName="Microsoft.VisualStudio.TestTools.TestTypes.Unit.UnitTestAdapter, Microsoft.VisualStudio.QualityTools.Tips.UnitTest.Adapter, Version=10.0.0.0, Culture=neutral, PublicKeyToken=b03f5f7f11d50a3a" className="MyStory.Tests.UnitTests.Models.DomainMappingTest, MyStory.Tests, Version=1.0.0.0, Culture=neutral, PublicKeyToken=null" name="TestMethod1" />
    </UnitTest>
    <UnitTest name="index_shoul_return_zero_account" storage="d:\gitrepositories\mystory\mystory.tests\bin\debug\mystory.tests.dll" id="7744e024-8ae1-5502-d296-ebc63bc3c3eb">
      <Execution id="12801427-62d8-4a5f-825b-ae102e4c3481" />
      <TestMethod codeBase="D:/GitRepositories/MyStory/MyStory.Tests/bin/Debug/MyStory.Tests.DLL" adapterTypeName="Microsoft.VisualStudio.TestTools.TestTypes.Unit.UnitTestAdapter, Microsoft.VisualStudio.QualityTools.Tips.UnitTest.Adapter, Version=10.0.0.0, Culture=neutral, PublicKeyToken=b03f5f7f11d50a3a" className="MyStory.Tests.IntegrationTests.Controllers.HomeControllerTest, MyStory.Tests, Version=1.0.0.0, Culture=neutral, PublicKeyToken=null" name="index_shoul_return_zero_account" />
    </UnitTest>
  </TestDefinitions>
  <TestLists>
    <TestList name="Results Not in a List" id="8c84fa94-04c1-424b-9868-57a2d4851a1d" />
    <TestList name="All Loaded Results" id="19431567-8539-422a-85d7-44ee4e166bda" />
  </TestLists>
  <TestEntries>
    <TestEntry testId="127a9b4e-32cc-7d8a-f412-16f3e7e49e17" executionId="8635eac8-93c7-4a0f-98b5-046becab4c9b" testListId="8c84fa94-04c1-424b-9868-57a2d4851a1d" />
    <TestEntry testId="378a00ad-90cc-dcbf-e2a3-b29f817c6ee6" executionId="4b25b426-9464-4c71-a890-caadd23b2a18" testListId="8c84fa94-04c1-424b-9868-57a2d4851a1d" />
    <TestEntry testId="51fd3b83-b9be-d2ea-12af-6d2540f30a4d" executionId="90a68ae5-876f-497d-87a7-597369e20db8" testListId="8c84fa94-04c1-424b-9868-57a2d4851a1d" />
    <TestEntry testId="7744e024-8ae1-5502-d296-ebc63bc3c3eb" executionId="12801427-62d8-4a5f-825b-ae102e4c3481" testListId="8c84fa94-04c1-424b-9868-57a2d4851a1d" />
    <TestEntry testId="a3d04c0f-32f0-752c-2a1d-ce288d6d0c63" executionId="6ae14c2d-c0c9-4af8-beb7-5061e9ed56a7" testListId="8c84fa94-04c1-424b-9868-57a2d4851a1d" />
  </TestEntries>
  <Results>
    <UnitTestResult executionId="8635eac8-93c7-4a0f-98b5-046becab4c9b" testId="127a9b4e-32cc-7d8a-f412-16f3e7e49e17" testName="test_should_add_blog" computerName="305024278-PC" duration="00:00:01.3829956" startTime="2012-01-20T14:23:35.2376790+09:00" endTime="2012-01-20T14:23:38.0928423+09:00" testType="13cdc9d9-ddb5-4fa4-a97d-d965ccfc6d4b" outcome="Passed" testListId="8c84fa94-04c1-424b-9868-57a2d4851a1d" relativeResultsDirectory="8635eac8-93c7-4a0f-98b5-046becab4c9b">
    </UnitTestResult>
    <UnitTestResult executionId="4b25b426-9464-4c71-a890-caadd23b2a18" testId="378a00ad-90cc-dcbf-e2a3-b29f817c6ee6" testName="write_should_validate_model" computerName="305024278-PC" duration="00:00:01.0752531" startTime="2012-01-20T14:23:38.0998427+09:00" endTime="2012-01-20T14:23:39.1809045+09:00" testType="13cdc9d9-ddb5-4fa4-a97d-d965ccfc6d4b" outcome="Passed" testListId="8c84fa94-04c1-424b-9868-57a2d4851a1d" relativeResultsDirectory="4b25b426-9464-4c71-a890-caadd23b2a18">
    </UnitTestResult>
    <UnitTestResult executionId="90a68ae5-876f-497d-87a7-597369e20db8" testId="51fd3b83-b9be-d2ea-12af-6d2540f30a4d" testName="TestMethod1" computerName="305024278-PC" duration="00:00:00.0005551" startTime="2012-01-20T14:23:39.2129063+09:00" endTime="2012-01-20T14:23:39.2189067+09:00" testType="13cdc9d9-ddb5-4fa4-a97d-d965ccfc6d4b" outcome="Passed" testListId="8c84fa94-04c1-424b-9868-57a2d4851a1d" relativeResultsDirectory="90a68ae5-876f-497d-87a7-597369e20db8">
    </UnitTestResult>
    <UnitTestResult executionId="12801427-62d8-4a5f-825b-ae102e4c3481" testId="7744e024-8ae1-5502-d296-ebc63bc3c3eb" testName="index_shoul_return_zero_account" computerName="305024278-PC" duration="00:00:00.3710426" startTime="2012-01-20T14:23:39.2219069+09:00" endTime="2012-01-20T14:23:39.5969283+09:00" testType="13cdc9d9-ddb5-4fa4-a97d-d965ccfc6d4b" outcome="Passed" testListId="8c84fa94-04c1-424b-9868-57a2d4851a1d" relativeResultsDirectory="12801427-62d8-4a5f-825b-ae102e4c3481">
    </UnitTestResult>
    <UnitTestResult executionId="6ae14c2d-c0c9-4af8-beb7-5061e9ed56a7" testId="a3d04c0f-32f0-752c-2a1d-ce288d6d0c63" testName="index_should_return_zero_posts_if_account_exist" computerName="305024278-PC" duration="00:00:00.3496790" startTime="2012-01-20T14:23:39.6019286+09:00" endTime="2012-01-20T14:23:39.9559488+09:00" testType="13cdc9d9-ddb5-4fa4-a97d-d965ccfc6d4b" outcome="Passed" testListId="8c84fa94-04c1-424b-9868-57a2d4851a1d" relativeResultsDirectory="6ae14c2d-c0c9-4af8-beb7-5061e9ed56a7">
    </UnitTestResult>
  </Results>
</TestRun>