<?xml version="1.0" encoding="UTF-8"?>
<TestRun id="7993f149-232d-4b41-a76b-cc8b292f2336" name="305024278@305024278-PC 2012-01-20 14:51:47" runUser="305024278-PC\305024278" xmlns="http://microsoft.com/schemas/VisualStudio/TeamTest/2010">
  <TestSettings name="Local" id="f71d3d1c-fcb9-4cb8-bd16-ef1b721fb9d0">
    <Description>These are default test settings for a local test run.</Description>
    <Deployment enabled="false" runDeploymentRoot="305024278_305024278-PC 2012-01-20 14_51_47">
      <DeploymentItem filename="D:\GitRepositories\MyStory\packages\WebActivator.1.0.0.0\lib\WebActivator.dll" />
      <DeploymentItem filename="D:\GitRepositories\MyStory\packages\elmah.corelibrary.1.2\lib\Elmah.dll" />
      <DeploymentItem filename="D:\GitRepositories\MyStory\packages\EntityFramework.SqlServerCompact.4.1.8482.2\lib\System.Data.SqlServerCe.Entity.dll" />
      <DeploymentItem filename="D:\GitRepositories\MyStory\packages\EntityFramework.4.2.0.0\lib\net40\EntityFramework.dll" />
      <DeploymentItem filename="D:\GitRepositories\MyStory\packages\AutoMapper.1.1.0.118\lib\AutoMapper.dll" />
      <DeploymentItem filename="D:\GitRepositories\MyStory\MyStory\bin\MyStory.dll" />
      <DeploymentItem filename="D:\GitRepositories\MyStory\packages\SqlServerCompact.4.0.8482.1\lib\System.Data.SqlServerCe.dll" />
      <DeploymentItem filename="D:\GitRepositories\MyStory\packages\Moq.4.0.10827\lib\NET40\Moq.dll" />
    </Deployment>
    <Execution>
      <TestTypeSpecific />
      <AgentRule name="Execution Agents">
      </AgentRule>
    </Execution>
  </TestSettings>
  <Times creation="2012-01-20T14:51:47.7924876+09:00" queuing="2012-01-20T14:51:47.8294897+09:00" start="2012-01-20T14:51:47.8384902+09:00" finish="2012-01-20T14:51:49.4535826+09:00" />
  <ResultSummary outcome="Completed">
    <Counters total="4" executed="4" passed="4" error="0" failed="0" timeout="0" aborted="0" inconclusive="0" passedButRunAborted="0" notRunnable="0" notExecuted="0" disconnected="0" warning="0" completed="0" inProgress="0" pending="0" />
  </ResultSummary>
  <TestDefinitions>
    <UnitTest name="write_should_validate_model" storage="d:\gitrepositories\mystory\mystory.tests\bin\debug\mystory.tests.dll" id="378a00ad-90cc-dcbf-e2a3-b29f817c6ee6">
      <Execution id="afffa059-7457-42ee-b781-71db436f2b19" />
      <TestMethod codeBase="D:/GitRepositories/MyStory/MyStory.Tests/bin/Debug/MyStory.Tests.DLL" adapterTypeName="Microsoft.VisualStudio.TestTools.TestTypes.Unit.UnitTestAdapter, Microsoft.VisualStudio.QualityTools.Tips.UnitTest.Adapter, Version=10.0.0.0, Culture=neutral, PublicKeyToken=b03f5f7f11d50a3a" className="MyStory.Tests.IntegrationTests.Controllers.PostControllerTest, MyStory.Tests, Version=1.0.0.0, Culture=neutral, PublicKeyToken=null" name="write_should_validate_model" />
    </UnitTest>
    <UnitTest name="test_should_add_blog" storage="d:\gitrepositories\mystory\mystory.tests\bin\debug\mystory.tests.dll" id="127a9b4e-32cc-7d8a-f412-16f3e7e49e17">
      <Execution id="278bcf5a-b1c1-4d8e-9e29-e979ffdfd59c" />
      <TestMethod codeBase="D:/GitRepositories/MyStory/MyStory.Tests/bin/Debug/MyStory.Tests.DLL" adapterTypeName="Microsoft.VisualStudio.TestTools.TestTypes.Unit.UnitTestAdapter, Microsoft.VisualStudio.QualityTools.Tips.UnitTest.Adapter, Version=10.0.0.0, Culture=neutral, PublicKeyToken=b03f5f7f11d50a3a" className="MyStory.Tests.IntegrationTests.Controllers.HomeControllerTest, MyStory.Tests, Version=1.0.0.0, Culture=neutral, PublicKeyToken=null" name="test_should_add_blog" />
    </UnitTest>
    <UnitTest name="TestMethod1" storage="d:\gitrepositories\mystory\mystory.tests\bin\debug\mystory.tests.dll" id="51fd3b83-b9be-d2ea-12af-6d2540f30a4d">
      <Execution id="30e2509a-e02c-42ed-bdbd-3125ff212fcb" />
      <TestMethod codeBase="D:/GitRepositories/MyStory/MyStory.Tests/bin/Debug/MyStory.Tests.DLL" adapterTypeName="Microsoft.VisualStudio.TestTools.TestTypes.Unit.UnitTestAdapter, Microsoft.VisualStudio.QualityTools.Tips.UnitTest.Adapter, Version=10.0.0.0, Culture=neutral, PublicKeyToken=b03f5f7f11d50a3a" className="MyStory.Tests.UnitTests.Models.DomainMappingTest, MyStory.Tests, Version=1.0.0.0, Culture=neutral, PublicKeyToken=null" name="TestMethod1" />
    </UnitTest>
    <UnitTest name="index_shoul_return_zero_account" storage="d:\gitrepositories\mystory\mystory.tests\bin\debug\mystory.tests.dll" id="7744e024-8ae1-5502-d296-ebc63bc3c3eb">
      <Execution id="165284ee-2e63-4ef7-9b18-a7a42286105f" />
      <TestMethod codeBase="D:/GitRepositories/MyStory/MyStory.Tests/bin/Debug/MyStory.Tests.DLL" adapterTypeName="Microsoft.VisualStudio.TestTools.TestTypes.Unit.UnitTestAdapter, Microsoft.VisualStudio.QualityTools.Tips.UnitTest.Adapter, Version=10.0.0.0, Culture=neutral, PublicKeyToken=b03f5f7f11d50a3a" className="MyStory.Tests.IntegrationTests.Controllers.HomeControllerTest, MyStory.Tests, Version=1.0.0.0, Culture=neutral, PublicKeyToken=null" name="index_shoul_return_zero_account" />
    </UnitTest>
  </TestDefinitions>
  <TestLists>
    <TestList name="Results Not in a List" id="8c84fa94-04c1-424b-9868-57a2d4851a1d" />
    <TestList name="All Loaded Results" id="19431567-8539-422a-85d7-44ee4e166bda" />
  </TestLists>
  <TestEntries>
    <TestEntry testId="127a9b4e-32cc-7d8a-f412-16f3e7e49e17" executionId="278bcf5a-b1c1-4d8e-9e29-e979ffdfd59c" testListId="8c84fa94-04c1-424b-9868-57a2d4851a1d" />
    <TestEntry testId="378a00ad-90cc-dcbf-e2a3-b29f817c6ee6" executionId="afffa059-7457-42ee-b781-71db436f2b19" testListId="8c84fa94-04c1-424b-9868-57a2d4851a1d" />
    <TestEntry testId="51fd3b83-b9be-d2ea-12af-6d2540f30a4d" executionId="30e2509a-e02c-42ed-bdbd-3125ff212fcb" testListId="8c84fa94-04c1-424b-9868-57a2d4851a1d" />
    <TestEntry testId="7744e024-8ae1-5502-d296-ebc63bc3c3eb" executionId="165284ee-2e63-4ef7-9b18-a7a42286105f" testListId="8c84fa94-04c1-424b-9868-57a2d4851a1d" />
  </TestEntries>
  <Results>
    <UnitTestResult executionId="278bcf5a-b1c1-4d8e-9e29-e979ffdfd59c" testId="127a9b4e-32cc-7d8a-f412-16f3e7e49e17" testName="test_should_add_blog" computerName="305024278-PC" duration="00:00:00.6985885" startTime="2012-01-20T14:51:47.8404903+09:00" endTime="2012-01-20T14:51:48.6915390+09:00" testType="13cdc9d9-ddb5-4fa4-a97d-d965ccfc6d4b" outcome="Passed" testListId="8c84fa94-04c1-424b-9868-57a2d4851a1d" relativeResultsDirectory="278bcf5a-b1c1-4d8e-9e29-e979ffdfd59c">
    </UnitTestResult>
    <UnitTestResult executionId="afffa059-7457-42ee-b781-71db436f2b19" testId="378a00ad-90cc-dcbf-e2a3-b29f817c6ee6" testName="write_should_validate_model" computerName="305024278-PC" duration="00:00:00.5891915" startTime="2012-01-20T14:51:48.6935391+09:00" endTime="2012-01-20T14:51:49.2855730+09:00" testType="13cdc9d9-ddb5-4fa4-a97d-d965ccfc6d4b" outcome="Passed" testListId="8c84fa94-04c1-424b-9868-57a2d4851a1d" relativeResultsDirectory="afffa059-7457-42ee-b781-71db436f2b19">
    </UnitTestResult>
    <UnitTestResult executionId="30e2509a-e02c-42ed-bdbd-3125ff212fcb" testId="51fd3b83-b9be-d2ea-12af-6d2540f30a4d" testName="TestMethod1" computerName="305024278-PC" duration="00:00:00.0004604" startTime="2012-01-20T14:51:49.2865730+09:00" endTime="2012-01-20T14:51:49.2895732+09:00" testType="13cdc9d9-ddb5-4fa4-a97d-d965ccfc6d4b" outcome="Passed" testListId="8c84fa94-04c1-424b-9868-57a2d4851a1d" relativeResultsDirectory="30e2509a-e02c-42ed-bdbd-3125ff212fcb">
    </UnitTestResult>
    <UnitTestResult executionId="165284ee-2e63-4ef7-9b18-a7a42286105f" testId="7744e024-8ae1-5502-d296-ebc63bc3c3eb" testName="index_shoul_return_zero_account" computerName="305024278-PC" duration="00:00:00.1466336" startTime="2012-01-20T14:51:49.2915733+09:00" endTime="2012-01-20T14:51:49.4405818+09:00" testType="13cdc9d9-ddb5-4fa4-a97d-d965ccfc6d4b" outcome="Passed" testListId="8c84fa94-04c1-424b-9868-57a2d4851a1d" relativeResultsDirectory="165284ee-2e63-4ef7-9b18-a7a42286105f">
    </UnitTestResult>
  </Results>
</TestRun>