<?xml version="1.0" encoding="UTF-8"?>
<TestRun id="fd011d45-fee9-49e3-b465-8c7843811f66" name="305024278@305024278-PC 2012-02-23 15:23:08" runUser="305024278-PC\305024278" xmlns="http://microsoft.com/schemas/VisualStudio/TeamTest/2010">
  <TestSettings name="Local" id="f71d3d1c-fcb9-4cb8-bd16-ef1b721fb9d0">
    <Description>These are default test settings for a local test run.</Description>
    <Deployment enabled="false" runDeploymentRoot="305024278_305024278-PC 2012-02-23 15_23_08">
      <DeploymentItem filename="D:\GitRepositories\MyStory\packages\WebActivator.1.0.0.0\lib\WebActivator.dll" />
      <DeploymentItem filename="D:\GitRepositories\MyStory\packages\elmah.corelibrary.1.2\lib\Elmah.dll" />
      <DeploymentItem filename="D:\GitRepositories\MyStory\packages\EntityFramework.SqlServerCompact.4.1.8482.2\lib\System.Data.SqlServerCe.Entity.dll" />
      <DeploymentItem filename="D:\GitRepositories\MyStory\packages\EntityFramework.4.2.0.0\lib\net40\EntityFramework.dll" />
      <DeploymentItem filename="D:\GitRepositories\MyStory\packages\AutoMapper.1.1.0.118\lib\AutoMapper.dll" />
      <DeploymentItem filename="D:\GitRepositories\MyStory\MyStory\bin\MyStory.dll" />
      <DeploymentItem filename="D:\GitRepositories\MyStory\packages\SqlServerCompact.4.0.8482.1\lib\System.Data.SqlServerCe.dll" />
      <DeploymentItem filename="D:\GitRepositories\MyStory\packages\Moq.4.0.10827\lib\NET40\Moq.dll" />
    </Deployment>
    <Execution>
      <TestTypeSpecific />
      <AgentRule name="Execution Agents">
      </AgentRule>
    </Execution>
  </TestSettings>
  <Times creation="2012-02-23T15:23:08.9671420+09:00" queuing="2012-02-23T15:23:09.0041441+09:00" start="2012-02-23T15:23:09.0121445+09:00" finish="2012-02-23T15:23:10.5882347+09:00" />
  <ResultSummary outcome="Failed">
    <Counters total="1" executed="1" error="0" failed="1" timeout="0" aborted="0" inconclusive="0" passedButRunAborted="0" notRunnable="0" notExecuted="0" disconnected="0" warning="0" passed="0" completed="0" inProgress="0" pending="0" />
  </ResultSummary>
  <TestDefinitions>
    <UnitTest name="edit_postmethod_should_not_update_invalid_mode" storage="d:\gitrepositories\mystory\mystory.tests\bin\debug\mystory.tests.dll" id="c809a1e5-41e6-ce78-f745-1c57242d5318">
      <Execution id="76c38e8c-474c-4c45-8c0f-5e30564ac903" />
      <TestMethod codeBase="D:/GitRepositories/MyStory/MyStory.Tests/bin/Debug/MyStory.Tests.DLL" adapterTypeName="Microsoft.VisualStudio.TestTools.TestTypes.Unit.UnitTestAdapter, Microsoft.VisualStudio.QualityTools.Tips.UnitTest.Adapter, Version=10.0.0.0, Culture=neutral, PublicKeyToken=b03f5f7f11d50a3a" className="MyStory.Tests.IntegrationTests.Controllers.PostControllerTest, MyStory.Tests, Version=1.0.0.0, Culture=neutral, PublicKeyToken=null" name="edit_postmethod_should_not_update_invalid_mode" />
    </UnitTest>
  </TestDefinitions>
  <TestLists>
    <TestList name="Results Not in a List" id="8c84fa94-04c1-424b-9868-57a2d4851a1d" />
    <TestList name="All Loaded Results" id="19431567-8539-422a-85d7-44ee4e166bda" />
  </TestLists>
  <TestEntries>
    <TestEntry testId="c809a1e5-41e6-ce78-f745-1c57242d5318" executionId="76c38e8c-474c-4c45-8c0f-5e30564ac903" testListId="8c84fa94-04c1-424b-9868-57a2d4851a1d" />
  </TestEntries>
  <Results>
    <UnitTestResult executionId="76c38e8c-474c-4c45-8c0f-5e30564ac903" testId="c809a1e5-41e6-ce78-f745-1c57242d5318" testName="edit_postmethod_should_not_update_invalid_mode" computerName="305024278-PC" duration="00:00:01.4104084" startTime="2012-02-23T15:23:09.0141447+09:00" endTime="2012-02-23T15:23:10.5752339+09:00" testType="13cdc9d9-ddb5-4fa4-a97d-d965ccfc6d4b" outcome="Failed" testListId="8c84fa94-04c1-424b-9868-57a2d4851a1d" relativeResultsDirectory="76c38e8c-474c-4c45-8c0f-5e30564ac903">
      <Output>
        <ErrorInfo>
          <Message>Test method MyStory.Tests.IntegrationTests.Controllers.PostControllerTest.edit_postmethod_should_not_update_invalid_mode threw exception: 
System.NullReferenceException: Object reference not set to an instance of an object.</Message>
          <StackTrace>    at System.Web.Mvc.ChildActionValueProviderFactory.GetValueProvider(ControllerContext controllerContext)
   at System.Web.Mvc.ValueProviderFactoryCollection.&lt;&gt;c__DisplayClassc.&lt;GetValueProvider&gt;b__7(ValueProviderFactory factory)
   at System.Linq.Enumerable.WhereSelectEnumerableIterator`2.MoveNext()
   at System.Linq.Enumerable.WhereSelectEnumerableIterator`2.MoveNext()
   at System.Collections.Generic.List`1..ctor(IEnumerable`1 collection)
   at System.Linq.Enumerable.ToList[TSource](IEnumerable`1 source)
   at System.Web.Mvc.ValueProviderFactoryCollection.GetValueProvider(ControllerContext controllerContext)
   at System.Web.Mvc.ControllerBase.get_ValueProvider()
   at System.Web.Mvc.Controller.TryUpdateModel[TModel](TModel model)
   at MyStory.Controllers.PostController.Edit(Post post) in D:\GitRepositories\MyStory\MyStory\Controllers\PostController.cs:line 71
   at MyStory.Tests.IntegrationTests.Controllers.PostControllerTest.edit_postmethod_should_not_update_invalid_mode() in D:\GitRepositories\MyStory\MyStory.Tests\IntegrationTests\Controllers\PostControllerTest.cs:line 145
</StackTrace>
        </ErrorInfo>
      </Output>
    </UnitTestResult>
  </Results>
</TestRun>