<?xml version="1.0" encoding="UTF-8"?>
<TestRun id="36803182-97a3-429a-b158-fa9c96a5a0c8" name="305024278@305024278-PC 2012-01-20 14:51:21" runUser="305024278-PC\305024278" xmlns="http://microsoft.com/schemas/VisualStudio/TeamTest/2010">
  <TestSettings name="Local" id="f71d3d1c-fcb9-4cb8-bd16-ef1b721fb9d0">
    <Description>These are default test settings for a local test run.</Description>
    <Deployment enabled="false" runDeploymentRoot="305024278_305024278-PC 2012-01-20 14_51_21">
      <DeploymentItem filename="D:\GitRepositories\MyStory\packages\WebActivator.1.0.0.0\lib\WebActivator.dll" />
      <DeploymentItem filename="D:\GitRepositories\MyStory\packages\elmah.corelibrary.1.2\lib\Elmah.dll" />
      <DeploymentItem filename="D:\GitRepositories\MyStory\packages\EntityFramework.SqlServerCompact.4.1.8482.2\lib\System.Data.SqlServerCe.Entity.dll" />
      <DeploymentItem filename="D:\GitRepositories\MyStory\packages\EntityFramework.4.2.0.0\lib\net40\EntityFramework.dll" />
      <DeploymentItem filename="D:\GitRepositories\MyStory\packages\AutoMapper.1.1.0.118\lib\AutoMapper.dll" />
      <DeploymentItem filename="D:\GitRepositories\MyStory\MyStory\bin\MyStory.dll" />
      <DeploymentItem filename="D:\GitRepositories\MyStory\packages\SqlServerCompact.4.0.8482.1\lib\System.Data.SqlServerCe.dll" />
      <DeploymentItem filename="D:\GitRepositories\MyStory\packages\Moq.4.0.10827\lib\NET40\Moq.dll" />
    </Deployment>
    <Execution>
      <TestTypeSpecific />
      <AgentRule name="Execution Agents">
      </AgentRule>
    </Execution>
  </TestSettings>
  <Times creation="2012-01-20T14:51:21.1079613+09:00" queuing="2012-01-20T14:51:21.1429633+09:00" start="2012-01-20T14:51:21.1519638+09:00" finish="2012-01-20T14:51:22.9480665+09:00" />
  <ResultSummary outcome="Failed">
    <Counters total="5" executed="5" passed="4" error="0" failed="1" timeout="0" aborted="0" inconclusive="0" passedButRunAborted="0" notRunnable="0" notExecuted="0" disconnected="0" warning="0" completed="0" inProgress="0" pending="0" />
  </ResultSummary>
  <TestDefinitions>
    <UnitTest name="write_should_validate_model" storage="d:\gitrepositories\mystory\mystory.tests\bin\debug\mystory.tests.dll" id="378a00ad-90cc-dcbf-e2a3-b29f817c6ee6">
      <Execution id="1e2d3bfa-d057-4503-8f1a-70b07e172871" />
      <TestMethod codeBase="D:/GitRepositories/MyStory/MyStory.Tests/bin/Debug/MyStory.Tests.DLL" adapterTypeName="Microsoft.VisualStudio.TestTools.TestTypes.Unit.UnitTestAdapter, Microsoft.VisualStudio.QualityTools.Tips.UnitTest.Adapter, Version=10.0.0.0, Culture=neutral, PublicKeyToken=b03f5f7f11d50a3a" className="MyStory.Tests.IntegrationTests.Controllers.PostControllerTest, MyStory.Tests, Version=1.0.0.0, Culture=neutral, PublicKeyToken=null" name="write_should_validate_model" />
    </UnitTest>
    <UnitTest name="index_should_return_zero_posts_if_account_exist" storage="d:\gitrepositories\mystory\mystory.tests\bin\debug\mystory.tests.dll" id="a3d04c0f-32f0-752c-2a1d-ce288d6d0c63">
      <Execution id="ba4829d0-3066-479f-82bd-24d61ff0d4c8" />
      <TestMethod codeBase="D:/GitRepositories/MyStory/MyStory.Tests/bin/Debug/MyStory.Tests.DLL" adapterTypeName="Microsoft.VisualStudio.TestTools.TestTypes.Unit.UnitTestAdapter, Microsoft.VisualStudio.QualityTools.Tips.UnitTest.Adapter, Version=10.0.0.0, Culture=neutral, PublicKeyToken=b03f5f7f11d50a3a" className="MyStory.Tests.IntegrationTests.Controllers.HomeControllerTest, MyStory.Tests, Version=1.0.0.0, Culture=neutral, PublicKeyToken=null" name="index_should_return_zero_posts_if_account_exist" />
    </UnitTest>
    <UnitTest name="test_should_add_blog" storage="d:\gitrepositories\mystory\mystory.tests\bin\debug\mystory.tests.dll" id="127a9b4e-32cc-7d8a-f412-16f3e7e49e17">
      <Execution id="3992eb41-a187-4935-893f-794a3a876955" />
      <TestMethod codeBase="D:/GitRepositories/MyStory/MyStory.Tests/bin/Debug/MyStory.Tests.DLL" adapterTypeName="Microsoft.VisualStudio.TestTools.TestTypes.Unit.UnitTestAdapter, Microsoft.VisualStudio.QualityTools.Tips.UnitTest.Adapter, Version=10.0.0.0, Culture=neutral, PublicKeyToken=b03f5f7f11d50a3a" className="MyStory.Tests.IntegrationTests.Controllers.HomeControllerTest, MyStory.Tests, Version=1.0.0.0, Culture=neutral, PublicKeyToken=null" name="test_should_add_blog" />
    </UnitTest>
    <UnitTest name="TestMethod1" storage="d:\gitrepositories\mystory\mystory.tests\bin\debug\mystory.tests.dll" id="51fd3b83-b9be-d2ea-12af-6d2540f30a4d">
      <Execution id="bc2f04a1-5061-44ac-ab24-c73e3c8c278c" />
      <TestMethod codeBase="D:/GitRepositories/MyStory/MyStory.Tests/bin/Debug/MyStory.Tests.DLL" adapterTypeName="Microsoft.VisualStudio.TestTools.TestTypes.Unit.UnitTestAdapter, Microsoft.VisualStudio.QualityTools.Tips.UnitTest.Adapter, Version=10.0.0.0, Culture=neutral, PublicKeyToken=b03f5f7f11d50a3a" className="MyStory.Tests.UnitTests.Models.DomainMappingTest, MyStory.Tests, Version=1.0.0.0, Culture=neutral, PublicKeyToken=null" name="TestMethod1" />
    </UnitTest>
    <UnitTest name="index_shoul_return_zero_account" storage="d:\gitrepositories\mystory\mystory.tests\bin\debug\mystory.tests.dll" id="7744e024-8ae1-5502-d296-ebc63bc3c3eb">
      <Execution id="f5c5db8a-d858-4890-b5d9-b793ffcacfcc" />
      <TestMethod codeBase="D:/GitRepositories/MyStory/MyStory.Tests/bin/Debug/MyStory.Tests.DLL" adapterTypeName="Microsoft.VisualStudio.TestTools.TestTypes.Unit.UnitTestAdapter, Microsoft.VisualStudio.QualityTools.Tips.UnitTest.Adapter, Version=10.0.0.0, Culture=neutral, PublicKeyToken=b03f5f7f11d50a3a" className="MyStory.Tests.IntegrationTests.Controllers.HomeControllerTest, MyStory.Tests, Version=1.0.0.0, Culture=neutral, PublicKeyToken=null" name="index_shoul_return_zero_account" />
    </UnitTest>
  </TestDefinitions>
  <TestLists>
    <TestList name="Results Not in a List" id="8c84fa94-04c1-424b-9868-57a2d4851a1d" />
    <TestList name="All Loaded Results" id="19431567-8539-422a-85d7-44ee4e166bda" />
  </TestLists>
  <TestEntries>
    <TestEntry testId="127a9b4e-32cc-7d8a-f412-16f3e7e49e17" executionId="3992eb41-a187-4935-893f-794a3a876955" testListId="8c84fa94-04c1-424b-9868-57a2d4851a1d" />
    <TestEntry testId="378a00ad-90cc-dcbf-e2a3-b29f817c6ee6" executionId="1e2d3bfa-d057-4503-8f1a-70b07e172871" testListId="8c84fa94-04c1-424b-9868-57a2d4851a1d" />
    <TestEntry testId="51fd3b83-b9be-d2ea-12af-6d2540f30a4d" executionId="bc2f04a1-5061-44ac-ab24-c73e3c8c278c" testListId="8c84fa94-04c1-424b-9868-57a2d4851a1d" />
    <TestEntry testId="7744e024-8ae1-5502-d296-ebc63bc3c3eb" executionId="f5c5db8a-d858-4890-b5d9-b793ffcacfcc" testListId="8c84fa94-04c1-424b-9868-57a2d4851a1d" />
    <TestEntry testId="a3d04c0f-32f0-752c-2a1d-ce288d6d0c63" executionId="ba4829d0-3066-479f-82bd-24d61ff0d4c8" testListId="8c84fa94-04c1-424b-9868-57a2d4851a1d" />
  </TestEntries>
  <Results>
    <UnitTestResult executionId="3992eb41-a187-4935-893f-794a3a876955" testId="127a9b4e-32cc-7d8a-f412-16f3e7e49e17" testName="test_should_add_blog" computerName="305024278-PC" duration="00:00:00.7363771" startTime="2012-01-20T14:51:21.1539639+09:00" endTime="2012-01-20T14:51:22.0450149+09:00" testType="13cdc9d9-ddb5-4fa4-a97d-d965ccfc6d4b" outcome="Passed" testListId="8c84fa94-04c1-424b-9868-57a2d4851a1d" relativeResultsDirectory="3992eb41-a187-4935-893f-794a3a876955">
    </UnitTestResult>
    <UnitTestResult executionId="1e2d3bfa-d057-4503-8f1a-70b07e172871" testId="378a00ad-90cc-dcbf-e2a3-b29f817c6ee6" testName="write_should_validate_model" computerName="305024278-PC" duration="00:00:00.5347180" startTime="2012-01-20T14:51:22.0470150+09:00" endTime="2012-01-20T14:51:22.5850458+09:00" testType="13cdc9d9-ddb5-4fa4-a97d-d965ccfc6d4b" outcome="Passed" testListId="8c84fa94-04c1-424b-9868-57a2d4851a1d" relativeResultsDirectory="1e2d3bfa-d057-4503-8f1a-70b07e172871">
    </UnitTestResult>
    <UnitTestResult executionId="bc2f04a1-5061-44ac-ab24-c73e3c8c278c" testId="51fd3b83-b9be-d2ea-12af-6d2540f30a4d" testName="TestMethod1" computerName="305024278-PC" duration="00:00:00.0003818" startTime="2012-01-20T14:51:22.5860458+09:00" endTime="2012-01-20T14:51:22.5890460+09:00" testType="13cdc9d9-ddb5-4fa4-a97d-d965ccfc6d4b" outcome="Passed" testListId="8c84fa94-04c1-424b-9868-57a2d4851a1d" relativeResultsDirectory="bc2f04a1-5061-44ac-ab24-c73e3c8c278c">
    </UnitTestResult>
    <UnitTestResult executionId="f5c5db8a-d858-4890-b5d9-b793ffcacfcc" testId="7744e024-8ae1-5502-d296-ebc63bc3c3eb" testName="index_shoul_return_zero_account" computerName="305024278-PC" duration="00:00:00.1318466" startTime="2012-01-20T14:51:22.5900461+09:00" endTime="2012-01-20T14:51:22.7240537+09:00" testType="13cdc9d9-ddb5-4fa4-a97d-d965ccfc6d4b" outcome="Passed" testListId="8c84fa94-04c1-424b-9868-57a2d4851a1d" relativeResultsDirectory="f5c5db8a-d858-4890-b5d9-b793ffcacfcc">
    </UnitTestResult>
    <UnitTestResult executionId="ba4829d0-3066-479f-82bd-24d61ff0d4c8" testId="a3d04c0f-32f0-752c-2a1d-ce288d6d0c63" testName="index_should_return_zero_posts_if_account_exist" computerName="305024278-PC" duration="00:00:00.2070528" startTime="2012-01-20T14:51:22.7260538+09:00" endTime="2012-01-20T14:51:22.9350658+09:00" testType="13cdc9d9-ddb5-4fa4-a97d-d965ccfc6d4b" outcome="Failed" testListId="8c84fa94-04c1-424b-9868-57a2d4851a1d" relativeResultsDirectory="ba4829d0-3066-479f-82bd-24d61ff0d4c8">
      <Output>
        <ErrorInfo>
          <Message>Assert.AreEqual failed. Expected:&lt;0&gt;. Actual:&lt;(null)&gt;. </Message>
          <StackTrace>   at CallSite.Target(Closure , CallSite , Type , Int32 , Object )
   at System.Dynamic.UpdateDelegates.UpdateAndExecuteVoid3[T0,T1,T2](CallSite site, T0 arg0, T1 arg1, T2 arg2)
   at MyStory.Tests.IntegrationTests.Controllers.HomeControllerTest.index_should_return_zero_posts_if_account_exist() in D:\GitRepositories\MyStory\MyStory.Tests\IntegrationTests\Controllers\HomeControllerTest.cs:line 67
</StackTrace>
        </ErrorInfo>
      </Output>
    </UnitTestResult>
  </Results>
</TestRun>