<?xml version="1.0" encoding="UTF-8"?>
<TestRun id="ae155801-90d9-4bfd-b0c6-fb9e748512e2" name="305024278@305024278-PC 2012-01-16 13:21:03" runUser="305024278-PC\305024278" xmlns="http://microsoft.com/schemas/VisualStudio/TeamTest/2010">
  <TestSettings name="Local" id="f71d3d1c-fcb9-4cb8-bd16-ef1b721fb9d0">
    <Description>These are default test settings for a local test run.</Description>
    <Deployment enabled="false" runDeploymentRoot="305024278_305024278-PC 2012-01-16 13_21_03" />
    <Execution>
      <TestTypeSpecific />
      <AgentRule name="Execution Agents">
      </AgentRule>
    </Execution>
  </TestSettings>
  <Times creation="2012-01-16T13:21:03.3908963+09:00" queuing="2012-01-16T13:21:04.4699580+09:00" start="2012-01-16T13:21:04.5349617+09:00" finish="2012-01-16T13:21:06.1100518+09:00" />
  <ResultSummary outcome="Completed">
    <Counters total="1" executed="1" passed="1" error="0" failed="0" timeout="0" aborted="0" inconclusive="0" passedButRunAborted="0" notRunnable="0" notExecuted="0" disconnected="0" warning="0" completed="0" inProgress="0" pending="0" />
  </ResultSummary>
  <TestDefinitions>
    <UnitTest name="TestMethod1" storage="d:\gitrepositories\mystory\mystory.tests\bin\debug\mystory.tests.dll" id="a9717831-4446-26a2-6466-0ad7956d60eb">
      <Execution id="4b21a439-c4e3-4225-b8fd-4c03c793b8d0" />
      <TestMethod codeBase="D:/GitRepositories/MyStory/MyStory.Tests/bin/Debug/MyStory.Tests.DLL" adapterTypeName="Microsoft.VisualStudio.TestTools.TestTypes.Unit.UnitTestAdapter, Microsoft.VisualStudio.QualityTools.Tips.UnitTest.Adapter, Version=10.0.0.0, Culture=neutral, PublicKeyToken=b03f5f7f11d50a3a" className="MyStory.Tests.Models.AccountTest, MyStory.Tests, Version=1.0.0.0, Culture=neutral, PublicKeyToken=null" name="TestMethod1" />
    </UnitTest>
  </TestDefinitions>
  <TestLists>
    <TestList name="Results Not in a List" id="8c84fa94-04c1-424b-9868-57a2d4851a1d" />
    <TestList name="All Loaded Results" id="19431567-8539-422a-85d7-44ee4e166bda" />
  </TestLists>
  <TestEntries>
    <TestEntry testId="a9717831-4446-26a2-6466-0ad7956d60eb" executionId="4b21a439-c4e3-4225-b8fd-4c03c793b8d0" testListId="8c84fa94-04c1-424b-9868-57a2d4851a1d" />
  </TestEntries>
  <Results>
    <UnitTestResult executionId="4b21a439-c4e3-4225-b8fd-4c03c793b8d0" testId="a9717831-4446-26a2-6466-0ad7956d60eb" testName="TestMethod1" computerName="305024278-PC" duration="00:00:00.0085737" startTime="2012-01-16T13:21:04.5769641+09:00" endTime="2012-01-16T13:21:06.0650492+09:00" testType="13cdc9d9-ddb5-4fa4-a97d-d965ccfc6d4b" outcome="Passed" testListId="8c84fa94-04c1-424b-9868-57a2d4851a1d" relativeResultsDirectory="4b21a439-c4e3-4225-b8fd-4c03c793b8d0">
    </UnitTestResult>
  </Results>
</TestRun>